<?xml version="1.0" encoding="UTF-8"?>
<!-- Generated by org.testng.reporters.JUnitXMLReporter -->
<testsuite ignored="0" hostname="DESKTOP-BRT7G63" failures="0" tests="12" name="Test" time="0.299" errors="0" timestamp="2023-09-19T21:12:57 IST">
  <testcase classname="TestNG.casestudy1" name="as" time="0.024"/>
  <testcase classname="TestNG.casestudy1" name="ca" time="0.014"/>
  <testcase classname="TestNG.casestudy1" name="ge" time="0.005"/>
  <testcase classname="TestNG.casestudy1" name="ja" time="0.005"/>
  <testcase classname="TestNG.casestudy1" name="ne" time="0.011"/>
  <testcase classname="TestNG.casestudy2" name="ch" time="0.005"/>
  <testcase classname="TestNG.casestudy2" name="en" time="0.004"/>
  <testcase classname="TestNG.casestudy2" name="fin" time="0.006"/>
  <testcase classname="TestNG.casestudy2" name="in" time="0.003"/>
  <testcase classname="TestNG.casestudy2" name="rus" time="0.003"/>
  <testcase classname="TestNG.casestudy2" name="sc" time="0.016"/>
  <testcase classname="TestNG.casestudy2" name="sr" time="0.002"/>
</testsuite> <!-- Test -->
