<?xml version="1.0" encoding="UTF-8"?>
<testng-results ignored="0" total="12" passed="12" failed="0" skipped="0">
  <reporter-output>
  </reporter-output>
  <suite started-at="2023-09-19T21:12:56 IST" name="Suite" finished-at="2023-09-19T21:12:57 IST" duration-ms="299">
    <groups>
    </groups>
    <test started-at="2023-09-19T21:12:56 IST" name="Test" finished-at="2023-09-19T21:12:57 IST" duration-ms="299">
      <class name="TestNG.casestudy1">
        <test-method signature="as()[pri:0, instance:TestNG.casestudy1@6c1a5b54]" started-at="2023-09-19T21:12:56 IST" name="as" finished-at="2023-09-19T21:12:56 IST" duration-ms="24" status="PASS">
          <reporter-output>
          </reporter-output>
        </test-method> <!-- as -->
        <test-method signature="ca()[pri:0, instance:TestNG.casestudy1@6c1a5b54]" started-at="2023-09-19T21:12:56 IST" name="ca" finished-at="2023-09-19T21:12:56 IST" duration-ms="14" status="PASS">
          <reporter-output>
          </reporter-output>
        </test-method> <!-- ca -->
        <test-method signature="ge()[pri:0, instance:TestNG.casestudy1@6c1a5b54]" started-at="2023-09-19T21:12:56 IST" name="ge" finished-at="2023-09-19T21:12:56 IST" duration-ms="5" status="PASS">
          <reporter-output>
          </reporter-output>
        </test-method> <!-- ge -->
        <test-method signature="ja()[pri:0, instance:TestNG.casestudy1@6c1a5b54]" started-at="2023-09-19T21:12:57 IST" name="ja" finished-at="2023-09-19T21:12:57 IST" duration-ms="5" status="PASS">
          <reporter-output>
          </reporter-output>
        </test-method> <!-- ja -->
        <test-method signature="ne()[pri:0, instance:TestNG.casestudy1@6c1a5b54]" started-at="2023-09-19T21:12:57 IST" name="ne" finished-at="2023-09-19T21:12:57 IST" duration-ms="11" status="PASS">
          <reporter-output>
          </reporter-output>
        </test-method> <!-- ne -->
      </class> <!-- TestNG.casestudy1 -->
      <class name="TestNG.casestudy2">
        <test-method signature="ch()[pri:0, instance:TestNG.casestudy2@46cdf8bd]" started-at="2023-09-19T21:12:57 IST" name="ch" finished-at="2023-09-19T21:12:57 IST" duration-ms="5" status="PASS">
          <reporter-output>
          </reporter-output>
        </test-method> <!-- ch -->
        <test-method signature="en()[pri:0, instance:TestNG.casestudy2@46cdf8bd]" started-at="2023-09-19T21:12:57 IST" name="en" finished-at="2023-09-19T21:12:57 IST" duration-ms="4" status="PASS">
          <reporter-output>
          </reporter-output>
        </test-method> <!-- en -->
        <test-method signature="fin()[pri:0, instance:TestNG.casestudy2@46cdf8bd]" started-at="2023-09-19T21:12:57 IST" name="fin" finished-at="2023-09-19T21:12:57 IST" duration-ms="6" status="PASS">
          <reporter-output>
          </reporter-output>
        </test-method> <!-- fin -->
        <test-method signature="in()[pri:0, instance:TestNG.casestudy2@46cdf8bd]" started-at="2023-09-19T21:12:57 IST" name="in" finished-at="2023-09-19T21:12:57 IST" duration-ms="3" status="PASS">
          <reporter-output>
          </reporter-output>
        </test-method> <!-- in -->
        <test-method signature="rus()[pri:0, instance:TestNG.casestudy2@46cdf8bd]" started-at="2023-09-19T21:12:57 IST" name="rus" finished-at="2023-09-19T21:12:57 IST" duration-ms="3" status="PASS">
          <reporter-output>
          </reporter-output>
        </test-method> <!-- rus -->
        <test-method signature="sc()[pri:0, instance:TestNG.casestudy2@46cdf8bd]" started-at="2023-09-19T21:12:57 IST" name="sc" finished-at="2023-09-19T21:12:57 IST" duration-ms="16" status="PASS">
          <reporter-output>
          </reporter-output>
        </test-method> <!-- sc -->
        <test-method signature="sr()[pri:0, instance:TestNG.casestudy2@46cdf8bd]" started-at="2023-09-19T21:12:57 IST" name="sr" finished-at="2023-09-19T21:12:57 IST" duration-ms="2" status="PASS">
          <reporter-output>
          </reporter-output>
        </test-method> <!-- sr -->
      </class> <!-- TestNG.casestudy2 -->
    </test> <!-- Test -->
  </suite> <!-- Suite -->
</testng-results>
